android/build/outputs/logs/manifest-merger-debug-report.txt
-- Merging decision tree log ---
manifest
ADDED from Bailarines App\android\AndroidManifest.xml:2:1-34:12
	package
		ADDED from Bailarines App\android\AndroidManifest.xml:3:5-29
		INJECTED from Bailarines App\android\AndroidManifest.xml
		INJECTED from Bailarines App\android\AndroidManifest.xml
	android:versionName
		ADDED from Bailarines App\android\AndroidManifest.xml:5:5-30
		INJECTED from Bailarines App\android\AndroidManifest.xml
		INJECTED from Bailarines App\android\AndroidManifest.xml
	android:versionCode
		ADDED from Bailarines App\android\AndroidManifest.xml:4:5-28
		INJECTED from Bailarines App\android\AndroidManifest.xml
		INJECTED from Bailarines App\android\AndroidManifest.xml
	xmlns:android
		ADDED from Bailarines App\android\AndroidManifest.xml:2:11-69
uses-sdk
ADDED from Bailarines App\android\AndroidManifest.xml:7:5-9:41
MERGED from [com.android.support:support-v4:23.1.1] AndroidManifest.xml:20:5-43
	android:targetSdkVersion
		ADDED from Bailarines App\android\AndroidManifest.xml:9:9-38
		INJECTED from Bailarines App\android\AndroidManifest.xml
		INJECTED from Bailarines App\android\AndroidManifest.xml
	android:minSdkVersion
		ADDED from Bailarines App\android\AndroidManifest.xml:8:9-34
		INJECTED from Bailarines App\android\AndroidManifest.xml
		INJECTED from Bailarines App\android\AndroidManifest.xml
android:uses-permission#android.permission.WRITE_EXTERNAL_STORAGE
ADDED from Bailarines App\android\AndroidManifest.xml:11:5-89
	android:name
		ADDED from Bailarines App\android\AndroidManifest.xml:11:30-86
android:uses-permission#android.permission.READ_PHONE_STATE
ADDED from Bailarines App\android\AndroidManifest.xml:12:5-83
	android:name
		ADDED from Bailarines App\android\AndroidManifest.xml:12:30-80
android:uses-permission#android.permission.READ_EXTERNAL_STORAGE
ADDED from Bailarines App\android\AndroidManifest.xml:13:5-88
	android:name
		ADDED from Bailarines App\android\AndroidManifest.xml:13:30-85
application
ADDED from Bailarines App\android\AndroidManifest.xml:15:5-32:19
MERGED from [com.android.support:support-v4:23.1.1] AndroidManifest.xml:22:5-20
	android:label
		ADDED from Bailarines App\android\AndroidManifest.xml:18:9-41
	android:allowBackup
		ADDED from Bailarines App\android\AndroidManifest.xml:16:9-35
	android:icon
		ADDED from Bailarines App\android\AndroidManifest.xml:17:9-45
	android:theme
		ADDED from Bailarines App\android\AndroidManifest.xml:19:9-40
activity#com.mygdx.game.AndroidLauncher
ADDED from Bailarines App\android\AndroidManifest.xml:20:9-31:20
	android:screenOrientation
		ADDED from Bailarines App\android\AndroidManifest.xml:24:13-49
	android:label
		ADDED from Bailarines App\android\AndroidManifest.xml:23:13-45
	android:configChanges
		ADDED from Bailarines App\android\AndroidManifest.xml:22:13-83
	android:name
		ADDED from Bailarines App\android\AndroidManifest.xml:21:13-44
intent-filter#android.intent.action.MAIN+android.intent.category.LAUNCHER
ADDED from Bailarines App\android\AndroidManifest.xml:26:13-30:29
action#android.intent.action.MAIN
ADDED from Bailarines App\android\AndroidManifest.xml:27:17-69
	android:name
		ADDED from Bailarines App\android\AndroidManifest.xml:27:25-66
category#android.intent.category.LAUNCHER
ADDED from Bailarines App\android\AndroidManifest.xml:29:17-77
	android:name
		ADDED from Bailarines App\android\AndroidManifest.xml:29:27-74